<?xml version="1.0" encoding="UTF-8" standalone="no"?>
<testsuite failures="1" name="cucumber.runtime.formatter.JUnitFormatter" skipped="0" tests="4" time="112.596258">
<testcase classname="To Validate the login Functionality of HotelApp Applications" name="To Validate the Login Functionality with invalid Details" time="38.974626">
<system-out><![CDATA[Given The User Should be in HotelApp Login Page.............................passed
When The User has to fill the Username "Srini" and password "1234567".......passed
And The User has to click the Login Button..................................passed
Then The User Should navigate to invalid Error Message......................passed
]]></system-out>
</testcase>
<testcase classname="To Validate the login Functionality of HotelApp Applications" name="To Validate the Login Functionality with valid Details" time="35.661953">
<system-out><![CDATA[Given The User Should be in HotelApp Login Page.............................passed
When The User has to fill the Username "TestCase00001" and password "password".passed
And The User has to click the Login Button..................................passed
Then The User Should navigate to Home Page..................................passed
]]></system-out>
</testcase>
<testcase classname="To Validate the login Functionality of HotelApp Applications" name="To Validate the Login Functionality with invalid Details" time="20.04592">
<system-out><![CDATA[Given The User Should be in HotelApp Login Page.............................passed
When The User has to fill the Username "TestCase00001" and password "12345678".passed
And The User has to click the Login Button..................................passed
Then The User Should navigate to invalid Error Message......................passed
]]></system-out>
</testcase>
<testcase classname="To Validate the login Functionality of HotelApp Applications" name="To Validate the Login Functionality with valid Details" time="17.913759">
<failure message="java.lang.AssertionError: Valid Login&#13;&#10;&#9;at org.junit.Assert.fail(Assert.java:88)&#13;&#10;&#9;at org.junit.Assert.assertTrue(Assert.java:41)&#13;&#10;&#9;at org.steps.StepDefinition.the_User_Should_navigate_to_Home_Page(StepDefinition.java:56)&#13;&#10;&#9;at ✽.The User Should navigate to Home Page(file:src/test/resources/Features/login.feature:40)&#13;&#10;"><![CDATA[Given The User Should be in HotelApp Login Page.............................passed
When The User has to fill the Username "Srini" and password "1234567".......passed
And The User has to click the Login Button..................................passed
Then The User Should navigate to Home Page..................................failed

StackTrace:
java.lang.AssertionError: Valid Login
	at org.junit.Assert.fail(Assert.java:88)
	at org.junit.Assert.assertTrue(Assert.java:41)
	at org.steps.StepDefinition.the_User_Should_navigate_to_Home_Page(StepDefinition.java:56)
	at ✽.The User Should navigate to Home Page(file:src/test/resources/Features/login.feature:40)
]]></failure>
</testcase>
</testsuite>
